[     452ms] [ERROR] Failed to load resource: the server responded with a status of 404 (Not Found) @ http://localhost:5173/favicon.ico:0
[ 1382937ms] [ERROR] %o

%s

%s
 ReferenceError: ChevronRight is not defined
    at http://localhost:5173/src/features/settings/components/ProductTable.tsx?t=1773442814025:169:52
    at Array.map (<anonymous>)
    at ProductTable (http://localhost:5173/src/features/settings/components/ProductTable.tsx?t=1773442814025:66:101)
    at Object.react_stack_bottom_frame (http://localhost:5173/@fs/Users/jyoh/Workspaces/jyoh-workspaces/money-bus-v3/node_modules/.vite/deps/react-dom_client.js?v=f7292029:18509:20)
    at renderWithHooks (http://localhost:5173/@fs/Users/jyoh/Workspaces/jyoh-workspaces/money-bus-v3/node_modules/.vite/deps/react-dom_client.js?v=f7292029:5654:24)
    at updateFunctionComponent (http://localhost:5173/@fs/Users/jyoh/Workspaces/jyoh-workspaces/money-bus-v3/node_modules/.vite/deps/react-dom_client.js?v=f7292029:7475:21)
    at beginWork (http://localhost:5173/@fs/Users/jyoh/Workspaces/jyoh-workspaces/money-bus-v3/node_modules/.vite/deps/react-dom_client.js?v=f7292029:8525:20)
    at runWithFiberInDEV (http://localhost:5173/@fs/Users/jyoh/Workspaces/jyoh-workspaces/money-bus-v3/node_modules/.vite/deps/react-dom_client.js?v=f7292029:997:72)
    at performUnitOfWork (http://localhost:5173/@fs/Users/jyoh/Workspaces/jyoh-workspaces/money-bus-v3/node_modules/.vite/deps/react-dom_client.js?v=f7292029:12561:98)
    at workLoopSync (http://localhost:5173/@fs/Users/jyoh/Workspaces/jyoh-workspaces/money-bus-v3/node_modules/.vite/deps/react-dom_client.js?v=f7292029:12424:43) The above error occurred in the <ProductTable> component. React will try to recreate this component tree from scratch using the error boundary you provided, CatchBoundaryImpl. @ http://localhost:5173/@fs/Users/jyoh/Workspaces/jyoh-workspaces/money-bus-v3/node_modules/.vite/deps/react-dom_client.js?v=f7292029:7000
[ 1382938ms] [WARNING] Warning: The following error wasn't caught by any route! At the very least, consider setting an 'errorComponent' in your RootRoute! @ http://localhost:5173/@fs/Users/jyoh/Workspaces/jyoh-workspaces/money-bus-v3/node_modules/.vite/deps/chunk-MWOENU4P.js?v=f7292029:242
[ 1382938ms] [WARNING] Warning: ChevronRight is not defined @ http://localhost:5173/@fs/Users/jyoh/Workspaces/jyoh-workspaces/money-bus-v3/node_modules/.vite/deps/chunk-MWOENU4P.js?v=f7292029:242
[ 1771498ms] [ERROR] Failed to load resource: the server responded with a status of 500 (Internal Server Error) @ http://localhost:5173/api/products:0
[ 2387901ms] [ERROR] Failed to load resource: the server responded with a status of 500 (Internal Server Error) @ http://localhost:5173/api/products/latest-prices:0
[ 2388922ms] [ERROR] Failed to load resource: the server responded with a status of 500 (Internal Server Error) @ http://localhost:5173/api/products/latest-prices:0
[ 2448864ms] [ERROR] Failed to load resource: the server responded with a status of 500 (Internal Server Error) @ http://localhost:5173/api/products:0
[ 2448864ms] [ERROR] Failed to load resource: the server responded with a status of 500 (Internal Server Error) @ http://localhost:5173/api/products/latest-prices:0
[ 2449867ms] [ERROR] Failed to load resource: the server responded with a status of 500 (Internal Server Error) @ http://localhost:5173/api/products:0
[ 2449877ms] [ERROR] Failed to load resource: the server responded with a status of 500 (Internal Server Error) @ http://localhost:5173/api/products/latest-prices:0
[ 2472894ms] [ERROR] Failed to load resource: the server responded with a status of 500 (Internal Server Error) @ http://localhost:5173/api/products/latest-prices:0
[ 2473910ms] [ERROR] Failed to load resource: the server responded with a status of 500 (Internal Server Error) @ http://localhost:5173/api/products/latest-prices:0
[ 2479549ms] [ERROR] Failed to load resource: the server responded with a status of 500 (Internal Server Error) @ http://localhost:5173/api/products/latest-prices:0
[ 2480566ms] [ERROR] Failed to load resource: the server responded with a status of 500 (Internal Server Error) @ http://localhost:5173/api/products/latest-prices:0
[ 2486157ms] [ERROR] Failed to load resource: the server responded with a status of 500 (Internal Server Error) @ http://localhost:5173/api/products/latest-prices:0
[ 2487184ms] [ERROR] Failed to load resource: the server responded with a status of 500 (Internal Server Error) @ http://localhost:5173/api/products/latest-prices:0
[ 2491045ms] [ERROR] Failed to load resource: the server responded with a status of 500 (Internal Server Error) @ http://localhost:5173/api/products/latest-prices:0
[ 2492069ms] [ERROR] Failed to load resource: the server responded with a status of 500 (Internal Server Error) @ http://localhost:5173/api/products/latest-prices:0
[ 2495469ms] [ERROR] Failed to load resource: the server responded with a status of 500 (Internal Server Error) @ http://localhost:5173/api/products/latest-prices:0
[ 2496493ms] [ERROR] Failed to load resource: the server responded with a status of 500 (Internal Server Error) @ http://localhost:5173/api/products/latest-prices:0
[ 2501509ms] [ERROR] Failed to load resource: the server responded with a status of 500 (Internal Server Error) @ http://localhost:5173/api/products/latest-prices:0
[ 2502538ms] [ERROR] Failed to load resource: the server responded with a status of 500 (Internal Server Error) @ http://localhost:5173/api/products/latest-prices:0
[ 2507308ms] [ERROR] Failed to load resource: the server responded with a status of 500 (Internal Server Error) @ http://localhost:5173/api/products/latest-prices:0
[ 2508334ms] [ERROR] Failed to load resource: the server responded with a status of 500 (Internal Server Error) @ http://localhost:5173/api/products/latest-prices:0
[ 2530575ms] [ERROR] Failed to load resource: the server responded with a status of 500 (Internal Server Error) @ http://localhost:5173/api/products/latest-prices:0
[ 2531595ms] [ERROR] Failed to load resource: the server responded with a status of 500 (Internal Server Error) @ http://localhost:5173/api/products/latest-prices:0
[ 2764286ms] [ERROR] Failed to load resource: the server responded with a status of 500 (Internal Server Error) @ http://localhost:5173/api/products/latest-prices:0
[ 2765300ms] [ERROR] Failed to load resource: the server responded with a status of 500 (Internal Server Error) @ http://localhost:5173/api/products/latest-prices:0
[ 2845652ms] [ERROR] Failed to load resource: the server responded with a status of 500 (Internal Server Error) @ http://localhost:5173/api/products/latest-prices:0
[ 2846657ms] [ERROR] Failed to load resource: the server responded with a status of 500 (Internal Server Error) @ http://localhost:5173/api/products/latest-prices:0
[ 5487031ms] [ERROR] Failed to load resource: the server responded with a status of 500 (Internal Server Error) @ http://localhost:5173/api/products/latest-prices:0
[ 5488047ms] [ERROR] Failed to load resource: the server responded with a status of 500 (Internal Server Error) @ http://localhost:5173/api/products/latest-prices:0
[ 5633759ms] [ERROR] Failed to load resource: the server responded with a status of 500 (Internal Server Error) @ http://localhost:5173/api/products:0
[ 5633759ms] [ERROR] Failed to load resource: the server responded with a status of 500 (Internal Server Error) @ http://localhost:5173/api/products/latest-prices:0
[ 5634763ms] [ERROR] Failed to load resource: the server responded with a status of 500 (Internal Server Error) @ http://localhost:5173/api/products/latest-prices:0
[ 5634764ms] [ERROR] Failed to load resource: the server responded with a status of 500 (Internal Server Error) @ http://localhost:5173/api/products:0
